<?xml version="1.0" encoding="UTF-8" ?>
<testsuite errors="1" failures="0" hostname="DESKTOP-5CQ7NGT" name="wyv.action.AdministradorActionTest" skipped="0" tests="1" time="0.225" timestamp="2020-08-11T22:11:55">
  <properties>
[...]
</properties>
  <testcase classname="wyv.action.AdministradorActionTest" name="initializationError" time="0.012">
    <error message="No runnable methods" type="java.lang.Exception">java.lang.Exception: No runnable methods
	at java.lang.reflect.Constructor.newInstance(Constructor.java:423)
</error>
  </testcase>
  <system-out><![CDATA[]]></system-out>
  <system-err><![CDATA[]]></system-err>
</testsuite>
